[GIN-debug] [WARNING] Creating an Engine instance with the Logger and Recovery middleware already attached.

[GIN-debug] [WARNING] Running in "debug" mode. Switch to "release" mode in production.
 - using env:	export GIN_MODE=release
 - using code:	gin.SetMode(gin.ReleaseMode)

[GIN-debug] GET    /css/*filepath            --> github.com/gin-gonic/gin.(*RouterGroup).createStaticHandler.func1 (3 handlers)
[GIN-debug] HEAD   /css/*filepath            --> github.com/gin-gonic/gin.(*RouterGroup).createStaticHandler.func1 (3 handlers)
[GIN-debug] Loaded HTML Templates (4): 
	- 
	- footer.html
	- header.html
	- index.html

[GIN-debug] GET    /api/products             --> main.main.func1 (7 handlers)
[GIN-debug] POST   /api/save                 --> main.main.func2 (7 handlers)
[GIN-debug] GET    /view/products            --> github.com/babay15/gin-gonic-jwt/controller.ProductController.ShowProduct-fm (6 handlers)
[GIN-debug] Listening and serving HTTP on :5000
[GIN-debug] [WARNING] Headers were already written. Wanted to override status code 400 with 200
::1 - [06 Jul 21 23:30 +07] - POST - /api/save - 200 - 1.0021ms 
[GIN] 2021/07/06 - 23:30:44 | 200 |      1.9998ms |             ::1 | POST     "/api/save"
[GIN-debug] [WARNING] Headers were already written. Wanted to override status code 400 with 200
::1 - [06 Jul 21 23:30 +07] - POST - /api/save - 200 - 1.0001ms 
[GIN] 2021/07/06 - 23:30:45 | 200 |      1.0001ms |             ::1 | POST     "/api/save"
[GIN-debug] [WARNING] Headers were already written. Wanted to override status code 400 with 200
::1 - [06 Jul 21 23:30 +07] - POST - /api/save - 200 - 4.0174ms 
[GIN] 2021/07/06 - 23:30:45 | 200 |      5.0159ms |             ::1 | POST     "/api/save"
[GIN-debug] [WARNING] Headers were already written. Wanted to override status code 400 with 200
::1 - [06 Jul 21 23:30 +07] - POST - /api/save - 200 - 1.0023ms 
[GIN] 2021/07/06 - 23:30:45 | 200 |      1.0023ms |             ::1 | POST     "/api/save"
[GIN-debug] [WARNING] Headers were already written. Wanted to override status code 400 with 200
::1 - [06 Jul 21 23:30 +07] - POST - /api/save - 200 - 2.0017ms 
[GIN] 2021/07/06 - 23:30:46 | 200 |      2.0017ms |             ::1 | POST     "/api/save"
::1 - [06 Jul 21 23:30 +07] - GET - /api/products - 200 - 2.0416ms 
[GIN] 2021/07/06 - 23:30:52 | 200 |      2.0416ms |             ::1 | GET      "/api/products"
::1 - [06 Jul 21 23:30 +07] - GET - /view/products - 200 - 3.0012ms 
[GIN] 2021/07/06 - 23:30:59 | 200 |      4.0046ms |             ::1 | GET      "/view/products"
::1 - [06 Jul 21 23:30 +07] - GET - /favicon.ico - 404 - 1.0012ms 
[GIN] 2021/07/06 - 23:30:59 | 404 |      1.0012ms |             ::1 | GET      "/favicon.ico"
